<?xml version="1.0" encoding="UTF-8"?>
<testng-results skipped="0" failed="0" total="1" passed="1">
  <reporter-output>
  </reporter-output>
  <suite name="Default suite" duration-ms="26622" started-at="2021-12-17T11:15:19Z" finished-at="2021-12-17T11:15:46Z">
    <groups>
    </groups>
    <test name="Default test" duration-ms="26622" started-at="2021-12-17T11:15:19Z" finished-at="2021-12-17T11:15:46Z">
      <class name="POMTest">
        <test-method status="PASS" signature="Test()[pri:0, instance:POMTest@7823a2f9]" name="Test" duration-ms="26596" started-at="2021-12-17T16:45:19Z" finished-at="2021-12-17T16:45:46Z">
          <reporter-output>
          </reporter-output>
        </test-method> <!-- Test -->
      </class> <!-- POMTest -->
    </test> <!-- Default test -->
  </suite> <!-- Default suite -->
</testng-results>
